c:\users\student\onedrive - neumont college of computer science\fall 2019 q5\computer graphics\gat350\gat350-opengl\gat350\gat350\x64\debug\vc142.pdb
c:\users\student\onedrive - neumont college of computer science\fall 2019 q5\computer graphics\gat350\gat350-opengl\gat350\gat350\x64\debug\vc142.idb
c:\users\student\onedrive - neumont college of computer science\fall 2019 q5\computer graphics\gat350\gat350-opengl\gat350\gat350\x64\debug\main.obj
c:\users\student\onedrive - neumont college of computer science\fall 2019 q5\computer graphics\gat350\gat350-opengl\gat350\gat350\x64\debug\timer.obj
c:\users\student\onedrive - neumont college of computer science\fall 2019 q5\computer graphics\gat350\gat350-opengl\gat350\gat350\x64\debug\string.obj
c:\users\student\onedrive - neumont college of computer science\fall 2019 q5\computer graphics\gat350\gat350-opengl\gat350\gat350\x64\debug\random.obj
c:\users\student\onedrive - neumont college of computer science\fall 2019 q5\computer graphics\gat350\gat350-opengl\gat350\gat350\x64\debug\name.obj
c:\users\student\onedrive - neumont college of computer science\fall 2019 q5\computer graphics\gat350\gat350-opengl\gat350\gat350\x64\debug\memory.obj
c:\users\student\onedrive - neumont college of computer science\fall 2019 q5\computer graphics\gat350\gat350-opengl\gat350\gat350\x64\debug\json.obj
c:\users\student\onedrive - neumont college of computer science\fall 2019 q5\computer graphics\gat350\gat350-opengl\gat350\gat350\x64\debug\heap.obj
c:\users\student\onedrive - neumont college of computer science\fall 2019 q5\computer graphics\gat350\gat350-opengl\gat350\gat350\x64\debug\assert.obj
c:\users\student\onedrive - neumont college of computer science\fall 2019 q5\computer graphics\gat350\gat350-opengl\gat350\gat350\x64\debug\filesystem.obj
c:\users\student\onedrive - neumont college of computer science\fall 2019 q5\computer graphics\gat350\gat350-opengl\gat350\gat350\x64\debug\program.obj
c:\users\student\onedrive - neumont college of computer science\fall 2019 q5\computer graphics\gat350\gat350-opengl\gat350\gat350\x64\debug\input_system.obj
c:\users\student\onedrive - neumont college of computer science\fall 2019 q5\computer graphics\gat350\gat350-opengl\gat350\gat350\x64\debug\renderer.obj
c:\users\student\onedrive - neumont college of computer science\fall 2019 q5\computer graphics\gat350\gat350-opengl\gat350\gat350\x64\debug\input.obj
c:\users\student\onedrive - neumont college of computer science\fall 2019 q5\computer graphics\gat350\gat350-opengl\gat350\gat350\x64\debug\vertex_index_array.obj
c:\users\student\onedrive - neumont college of computer science\fall 2019 q5\computer graphics\gat350\gat350-opengl\gat350\gat350\x64\debug\vertex_array.obj
c:\users\student\onedrive - neumont college of computer science\fall 2019 q5\computer graphics\gat350\gat350-opengl\gat350\gat350\x64\debug\texture.obj
c:\users\student\onedrive - neumont college of computer science\fall 2019 q5\computer graphics\gat350\gat350-opengl\gat350\gat350\x64\debug\glad.obj
c:\users\student\onedrive - neumont college of computer science\fall 2019 q5\computer graphics\gat350\gat350-opengl\gat350\gat350\x64\debug\light.obj
c:\users\student\onedrive - neumont college of computer science\fall 2019 q5\computer graphics\gat350\gat350-opengl\gat350\x64\debug\gat350.ilk
c:\users\student\onedrive - neumont college of computer science\fall 2019 q5\computer graphics\gat350\gat350-opengl\gat350\x64\debug\gat350.exe
c:\users\student\onedrive - neumont college of computer science\fall 2019 q5\computer graphics\gat350\gat350-opengl\gat350\x64\debug\gat350.pdb
c:\users\student\onedrive - neumont college of computer science\fall 2019 q5\computer graphics\gat350\gat350-opengl\gat350\gat350\x64\debug\gat350.tlog\cl.command.1.tlog
c:\users\student\onedrive - neumont college of computer science\fall 2019 q5\computer graphics\gat350\gat350-opengl\gat350\gat350\x64\debug\gat350.tlog\cl.read.1.tlog
c:\users\student\onedrive - neumont college of computer science\fall 2019 q5\computer graphics\gat350\gat350-opengl\gat350\gat350\x64\debug\gat350.tlog\cl.write.1.tlog
c:\users\student\onedrive - neumont college of computer science\fall 2019 q5\computer graphics\gat350\gat350-opengl\gat350\gat350\x64\debug\gat350.tlog\link.command.1.tlog
c:\users\student\onedrive - neumont college of computer science\fall 2019 q5\computer graphics\gat350\gat350-opengl\gat350\gat350\x64\debug\gat350.tlog\link.read.1.tlog
c:\users\student\onedrive - neumont college of computer science\fall 2019 q5\computer graphics\gat350\gat350-opengl\gat350\gat350\x64\debug\gat350.tlog\link.write.1.tlog
